<?xml version="1.0" encoding="UTF-8"?>
<coverage generated="1679717300125" clover="3.2.0">
  <project timestamp="1679717300125" name="All files">
    <metrics statements="95" coveredstatements="56" conditionals="92" coveredconditionals="45" methods="3" coveredmethods="2" elements="190" coveredelements="103" complexity="0" loc="95" ncloc="95" packages="3" files="7" classes="7"/>
    <package name="server">
      <metrics statements="8" coveredstatements="7" conditionals="4" coveredconditionals="1" methods="0" coveredmethods="0"/>
      <file name="index.js" path="/Users/nosifali/Documents/GitHub/FuelQuoteApplication/FuelQuote/server/index.js">
        <metrics statements="8" coveredstatements="7" conditionals="4" coveredconditionals="1" methods="0" coveredmethods="0"/>
        <line num="7" count="2" type="stmt"/>
        <line num="8" count="2" type="stmt"/>
        <line num="10" count="2" type="stmt"/>
        <line num="12" count="2" type="stmt"/>
        <line num="13" count="2" type="stmt"/>
        <line num="14" count="2" type="stmt"/>
        <line num="17" count="2" type="cond" truecount="1" falsecount="1"/>
        <line num="18" count="0" type="cond" truecount="0" falsecount="2"/>
      </file>
    </package>
    <package name="server.controllers">
      <metrics statements="81" coveredstatements="43" conditionals="88" coveredconditionals="44" methods="3" coveredmethods="2"/>
      <file name="RegisterControllers.js" path="/Users/nosifali/Documents/GitHub/FuelQuoteApplication/FuelQuote/server/controllers/RegisterControllers.js">
        <metrics statements="11" coveredstatements="10" conditionals="8" coveredconditionals="8" methods="1" coveredmethods="1"/>
        <line num="1" count="2" type="stmt"/>
        <line num="2" count="4" type="stmt"/>
        <line num="3" count="4" type="stmt"/>
        <line num="6" count="4" type="cond" truecount="2" falsecount="0"/>
        <line num="7" count="1" type="stmt"/>
        <line num="11" count="3" type="cond" truecount="2" falsecount="0"/>
        <line num="12" count="1" type="stmt"/>
        <line num="15" count="2" type="cond" truecount="4" falsecount="0"/>
        <line num="16" count="1" type="stmt"/>
        <line num="19" count="1" type="stmt"/>
        <line num="21" count="0" type="stmt"/>
      </file>
      <file name="cpmControllers.js" path="/Users/nosifali/Documents/GitHub/FuelQuoteApplication/FuelQuote/server/controllers/cpmControllers.js">
        <metrics statements="33" coveredstatements="32" conditionals="37" coveredconditionals="36" methods="1" coveredmethods="1"/>
        <line num="1" count="2" type="stmt"/>
        <line num="2" count="14" type="stmt"/>
        <line num="3" count="14" type="stmt"/>
        <line num="6" count="14" type="cond" truecount="2" falsecount="0"/>
        <line num="7" count="1" type="stmt"/>
        <line num="11" count="13" type="cond" truecount="2" falsecount="0"/>
        <line num="12" count="1" type="stmt"/>
        <line num="16" count="12" type="cond" truecount="2" falsecount="0"/>
        <line num="17" count="2" type="cond" truecount="2" falsecount="0"/>
        <line num="18" count="1" type="stmt"/>
        <line num="23" count="11" type="cond" truecount="2" falsecount="0"/>
        <line num="24" count="1" type="stmt"/>
        <line num="28" count="10" type="cond" truecount="2" falsecount="0"/>
        <line num="29" count="1" type="stmt"/>
        <line num="33" count="9" type="cond" truecount="2" falsecount="0"/>
        <line num="34" count="1" type="stmt"/>
        <line num="38" count="8" type="cond" truecount="7" falsecount="0"/>
        <line num="39" count="1" type="stmt"/>
        <line num="43" count="7" type="cond" truecount="2" falsecount="0"/>
        <line num="44" count="1" type="stmt"/>
        <line num="48" count="6" type="cond" truecount="2" falsecount="0"/>
        <line num="49" count="1" type="stmt"/>
        <line num="53" count="5" type="cond" truecount="2" falsecount="0"/>
        <line num="54" count="1" type="cond" truecount="1" falsecount="1"/>
        <line num="55" count="1" type="stmt"/>
        <line num="60" count="4" type="cond" truecount="2" falsecount="0"/>
        <line num="61" count="1" type="stmt"/>
        <line num="65" count="3" type="cond" truecount="2" falsecount="0"/>
        <line num="66" count="1" type="stmt"/>
        <line num="70" count="2" type="cond" truecount="4" falsecount="0"/>
        <line num="71" count="1" type="stmt"/>
        <line num="74" count="1" type="stmt"/>
        <line num="76" count="0" type="stmt"/>
      </file>
      <file name="fuelpriceControllers.js" path="/Users/nosifali/Documents/GitHub/FuelQuoteApplication/FuelQuote/server/controllers/fuelpriceControllers.js">
        <metrics statements="37" coveredstatements="1" conditionals="43" coveredconditionals="0" methods="1" coveredmethods="0"/>
        <line num="1" count="2" type="stmt"/>
        <line num="2" count="0" type="stmt"/>
        <line num="3" count="0" type="stmt"/>
        <line num="6" count="0" type="cond" truecount="0" falsecount="2"/>
        <line num="7" count="0" type="stmt"/>
        <line num="11" count="0" type="cond" truecount="0" falsecount="2"/>
        <line num="12" count="0" type="stmt"/>
        <line num="16" count="0" type="cond" truecount="0" falsecount="2"/>
        <line num="17" count="0" type="cond" truecount="0" falsecount="2"/>
        <line num="18" count="0" type="stmt"/>
        <line num="23" count="0" type="cond" truecount="0" falsecount="2"/>
        <line num="24" count="0" type="stmt"/>
        <line num="28" count="0" type="cond" truecount="0" falsecount="2"/>
        <line num="29" count="0" type="stmt"/>
        <line num="33" count="0" type="cond" truecount="0" falsecount="2"/>
        <line num="34" count="0" type="stmt"/>
        <line num="38" count="0" type="cond" truecount="0" falsecount="2"/>
        <line num="39" count="0" type="stmt"/>
        <line num="43" count="0" type="cond" truecount="0" falsecount="9"/>
        <line num="44" count="0" type="stmt"/>
        <line num="48" count="0" type="cond" truecount="0" falsecount="2"/>
        <line num="49" count="0" type="stmt"/>
        <line num="53" count="0" type="cond" truecount="0" falsecount="2"/>
        <line num="54" count="0" type="stmt"/>
        <line num="58" count="0" type="cond" truecount="0" falsecount="2"/>
        <line num="59" count="0" type="cond" truecount="0" falsecount="2"/>
        <line num="60" count="0" type="stmt"/>
        <line num="65" count="0" type="cond" truecount="0" falsecount="2"/>
        <line num="66" count="0" type="stmt"/>
        <line num="70" count="0" type="cond" truecount="0" falsecount="2"/>
        <line num="71" count="0" type="stmt"/>
        <line num="75" count="0" type="cond" truecount="0" falsecount="4"/>
        <line num="76" count="0" type="stmt"/>
        <line num="80" count="0" type="cond" truecount="0" falsecount="2"/>
        <line num="81" count="0" type="stmt"/>
        <line num="84" count="0" type="stmt"/>
        <line num="86" count="0" type="stmt"/>
      </file>
    </package>
    <package name="server.routes">
      <metrics statements="6" coveredstatements="6" conditionals="0" coveredconditionals="0" methods="0" coveredmethods="0"/>
      <file name="RegisterRoutes.js" path="/Users/nosifali/Documents/GitHub/FuelQuoteApplication/FuelQuote/server/routes/RegisterRoutes.js">
        <metrics statements="2" coveredstatements="2" conditionals="0" coveredconditionals="0" methods="0" coveredmethods="0"/>
        <line num="4" count="2" type="stmt"/>
        <line num="6" count="2" type="stmt"/>
      </file>
      <file name="cpmRoutes.js" path="/Users/nosifali/Documents/GitHub/FuelQuoteApplication/FuelQuote/server/routes/cpmRoutes.js">
        <metrics statements="2" coveredstatements="2" conditionals="0" coveredconditionals="0" methods="0" coveredmethods="0"/>
        <line num="4" count="2" type="stmt"/>
        <line num="6" count="2" type="stmt"/>
      </file>
      <file name="fuelpriceRoutes.js" path="/Users/nosifali/Documents/GitHub/FuelQuoteApplication/FuelQuote/server/routes/fuelpriceRoutes.js">
        <metrics statements="2" coveredstatements="2" conditionals="0" coveredconditionals="0" methods="0" coveredmethods="0"/>
        <line num="4" count="2" type="stmt"/>
        <line num="6" count="2" type="stmt"/>
      </file>
    </package>
  </project>
</coverage>
