TN:
SF:index.js
FN:12,(anonymous_0)
FNF:1
FNH:1
FNDA:1,(anonymous_0)
DA:4,2
DA:6,2
DA:8,2
DA:9,2
DA:12,2
LF:5
LH:5
BRF:0
BRH:0
end_of_record
TN:
SF:controllers\RegisterControllers.js
FN:1,(anonymous_0)
FNF:1
FNH:1
FNDA:4,(anonymous_0)
DA:1,2
DA:2,4
DA:3,4
DA:6,4
DA:7,1
DA:11,3
DA:12,1
DA:15,2
DA:16,1
DA:19,1
DA:21,0
LF:11
LH:10
BRDA:6,0,0,1
BRDA:6,0,1,3
BRDA:11,1,0,1
BRDA:11,1,1,2
BRDA:15,2,0,1
BRDA:15,2,1,1
BRDA:15,3,0,2
BRDA:15,3,1,1
BRF:8
BRH:8
end_of_record
TN:
SF:controllers\cpmControllers.js
FN:1,(anonymous_0)
FNF:1
FNH:1
FNDA:14,(anonymous_0)
DA:1,2
DA:2,14
DA:3,14
DA:6,14
DA:7,1
DA:11,13
DA:12,1
DA:16,12
DA:17,2
DA:18,1
DA:23,11
DA:24,1
DA:28,10
DA:29,1
DA:33,9
DA:34,1
DA:38,8
DA:39,1
DA:43,7
DA:44,1
DA:48,6
DA:49,1
DA:53,5
DA:54,1
DA:55,1
DA:60,4
DA:61,1
DA:65,3
DA:66,1
DA:70,2
DA:71,1
DA:74,1
DA:76,0
LF:33
LH:32
BRDA:6,0,0,1
BRDA:6,0,1,13
BRDA:11,1,0,1
BRDA:11,1,1,12
BRDA:16,2,0,2
BRDA:16,2,1,10
BRDA:17,3,0,1
BRDA:17,3,1,1
BRDA:23,4,0,1
BRDA:23,4,1,10
BRDA:28,5,0,1
BRDA:28,5,1,9
BRDA:33,6,0,1
BRDA:33,6,1,8
BRDA:38,7,0,1
BRDA:38,7,1,7
BRDA:38,8,0,8
BRDA:38,8,1,7
BRDA:38,8,2,7
BRDA:38,8,3,7
BRDA:38,8,4,7
BRDA:43,9,0,1
BRDA:43,9,1,6
BRDA:48,10,0,1
BRDA:48,10,1,5
BRDA:53,11,0,1
BRDA:53,11,1,4
BRDA:54,12,0,1
BRDA:54,12,1,0
BRDA:60,13,0,1
BRDA:60,13,1,3
BRDA:65,14,0,1
BRDA:65,14,1,2
BRDA:70,15,0,1
BRDA:70,15,1,1
BRDA:70,16,0,2
BRDA:70,16,1,2
BRF:37
BRH:36
end_of_record
TN:
SF:routes\RegisterRoutes.js
FNF:0
FNH:0
DA:4,2
DA:6,2
LF:2
LH:2
BRF:0
BRH:0
end_of_record
TN:
SF:routes\cpmRoutes.js
FNF:0
FNH:0
DA:4,2
DA:6,2
LF:2
LH:2
BRF:0
BRH:0
end_of_record
