TN:
SF:index.js
FNF:0
FNH:0
DA:7,3
DA:8,3
DA:10,3
DA:12,3
DA:13,3
DA:14,3
DA:17,3
DA:18,0
LF:8
LH:7
BRDA:17,0,0,0
BRDA:17,0,1,3
BRDA:18,1,0,0
BRDA:18,1,1,0
BRF:4
BRH:1
end_of_record
TN:
SF:controllers/RegisterControllers.js
FN:1,(anonymous_0)
FNF:1
FNH:1
FNDA:4,(anonymous_0)
DA:1,3
DA:2,4
DA:3,4
DA:6,4
DA:7,1
DA:11,3
DA:12,1
DA:15,2
DA:16,1
DA:19,1
DA:21,0
LF:11
LH:10
BRDA:6,0,0,1
BRDA:6,0,1,3
BRDA:11,1,0,1
BRDA:11,1,1,2
BRDA:15,2,0,1
BRDA:15,2,1,1
BRDA:15,3,0,2
BRDA:15,3,1,1
BRF:8
BRH:8
end_of_record
TN:
SF:controllers/cpmControllers.js
FN:1,(anonymous_0)
FNF:1
FNH:1
FNDA:14,(anonymous_0)
DA:1,3
DA:2,14
DA:3,14
DA:6,14
DA:7,1
DA:11,13
DA:12,1
DA:16,12
DA:17,2
DA:18,1
DA:23,11
DA:24,1
DA:28,10
DA:29,1
DA:33,9
DA:34,1
DA:38,8
DA:39,1
DA:43,7
DA:44,1
DA:48,6
DA:49,1
DA:53,5
DA:54,1
DA:55,1
DA:60,4
DA:61,1
DA:65,3
DA:66,1
DA:70,2
DA:71,1
DA:74,1
DA:76,0
LF:33
LH:32
BRDA:6,0,0,1
BRDA:6,0,1,13
BRDA:11,1,0,1
BRDA:11,1,1,12
BRDA:16,2,0,2
BRDA:16,2,1,10
BRDA:17,3,0,1
BRDA:17,3,1,1
BRDA:23,4,0,1
BRDA:23,4,1,10
BRDA:28,5,0,1
BRDA:28,5,1,9
BRDA:33,6,0,1
BRDA:33,6,1,8
BRDA:38,7,0,1
BRDA:38,7,1,7
BRDA:38,8,0,8
BRDA:38,8,1,7
BRDA:38,8,2,7
BRDA:38,8,3,7
BRDA:38,8,4,7
BRDA:43,9,0,1
BRDA:43,9,1,6
BRDA:48,10,0,1
BRDA:48,10,1,5
BRDA:53,11,0,1
BRDA:53,11,1,4
BRDA:54,12,0,1
BRDA:54,12,1,0
BRDA:60,13,0,1
BRDA:60,13,1,3
BRDA:65,14,0,1
BRDA:65,14,1,2
BRDA:70,15,0,1
BRDA:70,15,1,1
BRDA:70,16,0,2
BRDA:70,16,1,2
BRF:37
BRH:36
end_of_record
TN:
SF:controllers/fuelpriceControllers.js
FN:1,(anonymous_0)
FNF:1
FNH:1
FNDA:18,(anonymous_0)
DA:1,3
DA:2,18
DA:3,18
DA:5,18
DA:6,1
DA:9,17
DA:10,1
DA:13,16
DA:14,2
DA:15,1
DA:19,15
DA:20,1
DA:23,14
DA:24,1
DA:27,13
DA:28,1
DA:31,12
DA:32,1
DA:35,11
DA:36,1
DA:40,10
DA:41,1
DA:45,9
DA:46,1
DA:50,8
DA:51,1
DA:52,1
DA:57,7
DA:58,1
DA:62,6
DA:63,1
DA:67,5
DA:68,1
DA:72,4
DA:73,1
DA:77,3
DA:78,1
DA:82,2
DA:83,1
DA:86,1
DA:89,0
LF:41
LH:40
BRDA:5,0,0,1
BRDA:5,0,1,17
BRDA:9,1,0,1
BRDA:9,1,1,16
BRDA:13,2,0,2
BRDA:13,2,1,14
BRDA:14,3,0,1
BRDA:14,3,1,1
BRDA:19,4,0,1
BRDA:19,4,1,14
BRDA:23,5,0,1
BRDA:23,5,1,13
BRDA:27,6,0,1
BRDA:27,6,1,12
BRDA:31,7,0,1
BRDA:31,7,1,11
BRDA:35,8,0,1
BRDA:35,8,1,10
BRDA:40,9,0,1
BRDA:40,9,1,9
BRDA:40,10,0,10
BRDA:40,10,1,10
BRDA:40,10,2,9
BRDA:40,10,3,9
BRDA:40,10,4,9
BRDA:40,10,5,9
BRDA:40,10,6,9
BRDA:45,11,0,1
BRDA:45,11,1,8
BRDA:50,12,0,1
BRDA:50,12,1,7
BRDA:51,13,0,1
BRDA:51,13,1,0
BRDA:57,14,0,1
BRDA:57,14,1,6
BRDA:62,15,0,1
BRDA:62,15,1,5
BRDA:67,16,0,1
BRDA:67,16,1,4
BRDA:67,17,0,5
BRDA:67,17,1,5
BRDA:72,18,0,1
BRDA:72,18,1,3
BRDA:77,19,0,1
BRDA:77,19,1,2
BRDA:82,20,0,1
BRDA:82,20,1,1
BRF:47
BRH:46
end_of_record
TN:
SF:routes/RegisterRoutes.js
FNF:0
FNH:0
DA:4,3
DA:6,3
LF:2
LH:2
BRF:0
BRH:0
end_of_record
TN:
SF:routes/cpmRoutes.js
FNF:0
FNH:0
DA:4,3
DA:6,3
LF:2
LH:2
BRF:0
BRH:0
end_of_record
TN:
SF:routes/fuelpriceRoutes.js
FNF:0
FNH:0
DA:4,3
DA:6,3
LF:2
LH:2
BRF:0
BRH:0
end_of_record
